Using pre-set license
Built from '2021.3/release' branch; Version is '2021.3.27f1 (ca3ffb99bcc6) revision 13254651'; Using compiler version '192829333'; Build Type 'Release'
OS: 'Windows 10  (10.0.19045) 64bit Core' Language: 'fr' Physical Memory: 16196 MB
BatchMode: 1, IsHumanControllingUs: 0, StartBugReporterOnCrash: 0, Is64bit: 1, IsPro: 1

COMMAND LINE ARGUMENTS:
C:\Program Files\Unity\Hub\Editor\2021.3.27f1\Editor\Unity.exe
-adb2
-batchMode
-noUpm
-name
AssetImportWorker3
-projectPath
C:/Users/felix/OneDrive/Bureau/_/UNITY/LAB1_FelixLefebvre_True
-logFile
Logs/AssetImportWorker3.log
-srvPort
63997
Successfully changed project path to: C:/Users/felix/OneDrive/Bureau/_/UNITY/LAB1_FelixLefebvre_True
C:/Users/felix/OneDrive/Bureau/_/UNITY/LAB1_FelixLefebvre_True
[UnityMemory] Configuration Parameters - Can be set up in boot.config
    "memorysetup-bucket-allocator-granularity=16"
    "memorysetup-bucket-allocator-bucket-count=8"
    "memorysetup-bucket-allocator-block-size=33554432"
    "memorysetup-bucket-allocator-block-count=8"
    "memorysetup-main-allocator-block-size=16777216"
    "memorysetup-thread-allocator-block-size=16777216"
    "memorysetup-gfx-main-allocator-block-size=16777216"
    "memorysetup-gfx-thread-allocator-block-size=16777216"
    "memorysetup-cache-allocator-block-size=4194304"
    "memorysetup-typetree-allocator-block-size=2097152"
    "memorysetup-profiler-bucket-allocator-granularity=16"
    "memorysetup-profiler-bucket-allocator-bucket-count=8"
    "memorysetup-profiler-bucket-allocator-block-size=33554432"
    "memorysetup-profiler-bucket-allocator-block-count=8"
    "memorysetup-profiler-allocator-block-size=16777216"
    "memorysetup-profiler-editor-allocator-block-size=1048576"
    "memorysetup-temp-allocator-size-main=16777216"
    "memorysetup-job-temp-allocator-block-size=2097152"
    "memorysetup-job-temp-allocator-block-size-background=1048576"
    "memorysetup-job-temp-allocator-reduction-small-platforms=262144"
    "memorysetup-temp-allocator-size-background-worker=32768"
    "memorysetup-temp-allocator-size-job-worker=262144"
    "memorysetup-temp-allocator-size-preload-manager=33554432"
    "memorysetup-temp-allocator-size-nav-mesh-worker=65536"
    "memorysetup-temp-allocator-size-audio-worker=65536"
    "memorysetup-temp-allocator-size-cloud-worker=32768"
    "memorysetup-temp-allocator-size-gi-baking-worker=262144"
    "memorysetup-temp-allocator-size-gfx=262144"
Player connection [8072] Host "[IP] 192.168.2.221 [Port] 0 [Flags] 2 [Guid] 974615635 [EditorId] 974615635 [Version] 1048832 [Id] WindowsEditor(7,DESKTOP-LJP1NOB) [Debug] 1 [PackageName] WindowsEditor [ProjectName] Editor" joined multi-casting on [225.0.0.222:54997]...

Player connection [8072] Host "[IP] 192.168.2.221 [Port] 0 [Flags] 2 [Guid] 974615635 [EditorId] 974615635 [Version] 1048832 [Id] WindowsEditor(7,DESKTOP-LJP1NOB) [Debug] 1 [PackageName] WindowsEditor [ProjectName] Editor" joined alternative multi-casting on [225.0.0.222:34997]...

Refreshing native plugins compatible for Editor in 88.29 ms, found 3 plugins.
Preloading 0 native plugins for Editor in 0.00 ms.
Initialize engine version: 2021.3.27f1 (ca3ffb99bcc6)
[Subsystems] Discovering subsystems at path C:/Program Files/Unity/Hub/Editor/2021.3.27f1/Editor/Data/Resources/UnitySubsystems
[Subsystems] Discovering subsystems at path C:/Users/felix/OneDrive/Bureau/_/UNITY/LAB1_FelixLefebvre_True/Assets
GfxDevice: creating device client; threaded=0; jobified=0
Direct3D:
    Version:  Direct3D 11.0 [level 11.1]
    Renderer: NVIDIA GeForce GTX 1660 SUPER (ID=0x21c4)
    Vendor:   NVIDIA
    VRAM:     5980 MB
    Driver:   31.0.15.3623
Initialize mono
Mono path[0] = 'C:/Program Files/Unity/Hub/Editor/2021.3.27f1/Editor/Data/Managed'
Mono path[1] = 'C:/Program Files/Unity/Hub/Editor/2021.3.27f1/Editor/Data/MonoBleedingEdge/lib/mono/unityjit-win32'
Mono config path = 'C:/Program Files/Unity/Hub/Editor/2021.3.27f1/Editor/Data/MonoBleedingEdge/etc'
Using monoOptions --debugger-agent=transport=dt_socket,embedding=1,server=y,suspend=n,address=127.0.0.1:56312
Begin MonoManager ReloadAssembly
Registering precompiled unity dll's ...
Register platform support module: C:/Program Files/Unity/Hub/Editor/2021.3.27f1/Editor/Data/PlaybackEngines/WindowsStandaloneSupport/UnityEditor.WindowsStandalone.Extensions.dll
Registered in 0.006665 seconds.
Native extension for WindowsStandalone target not found
Refreshing native plugins compatible for Editor in 83.20 ms, found 3 plugins.
Preloading 0 native plugins for Editor in 0.00 ms.
Mono: successfully reloaded assembly
- Completed reload, in  0.933 seconds
Domain Reload Profiling:
	ReloadAssembly (933ms)
		BeginReloadAssembly (77ms)
			ExecutionOrderSort (0ms)
			DisableScriptedObjects (0ms)
			BackupInstance (0ms)
			ReleaseScriptingObjects (0ms)
			CreateAndSetChildDomain (1ms)
		EndReloadAssembly (637ms)
			LoadAssemblies (74ms)
			RebuildTransferFunctionScriptingTraits (0ms)
			SetupTypeCache (288ms)
			ReleaseScriptCaches (0ms)
			RebuildScriptCaches (28ms)
			SetupLoadedEditorAssemblies (266ms)
				LogAssemblyErrors (0ms)
				InitializePlatformSupportModulesInManaged (7ms)
				SetLoadedEditorAssemblies (0ms)
				RefreshPlugins (83ms)
				BeforeProcessingInitializeOnLoad (1ms)
				ProcessInitializeOnLoadAttributes (126ms)
				ProcessInitializeOnLoadMethodAttributes (48ms)
				AfterProcessingInitializeOnLoad (0ms)
				EditorAssembliesLoaded (0ms)
			ExecutionOrderSort2 (0ms)
			AwakeInstancesAfterBackupRestoration (0ms)
Platform modules already initialized, skipping
Registering precompiled user dll's ...
Registered in 0.004902 seconds.
Begin MonoManager ReloadAssembly
Symbol file LoadedFromMemory doesn't match image C:\Users\felix\OneDrive\Bureau\_\UNITY\LAB1_FelixLefebvre_True\Library\PackageCache\com.unity.visualscripting@1.8.0\Editor\VisualScripting.Core\Dependencies\YamlDotNet\Unity.VisualScripting.YamlDotNet.dll
Symbol file LoadedFromMemory doesn't match image C:\Users\felix\OneDrive\Bureau\_\UNITY\LAB1_FelixLefebvre_True\Library\PackageCache\com.unity.visualscripting@1.8.0\Editor\VisualScripting.Core\Dependencies\DotNetZip\Unity.VisualScripting.IonicZip.dll
Native extension for WindowsStandalone target not found
Refreshing native plugins compatible for Editor in 0.61 ms, found 3 plugins.
Preloading 0 native plugins for Editor in 0.00 ms.
Mono: successfully reloaded assembly
- Completed reload, in  0.999 seconds
Domain Reload Profiling:
	ReloadAssembly (1000ms)
		BeginReloadAssembly (108ms)
			ExecutionOrderSort (0ms)
			DisableScriptedObjects (6ms)
			BackupInstance (0ms)
			ReleaseScriptingObjects (0ms)
			CreateAndSetChildDomain (16ms)
		EndReloadAssembly (790ms)
			LoadAssemblies (78ms)
			RebuildTransferFunctionScriptingTraits (0ms)
			SetupTypeCache (313ms)
			ReleaseScriptCaches (0ms)
			RebuildScriptCaches (49ms)
			SetupLoadedEditorAssemblies (323ms)
				LogAssemblyErrors (0ms)
				InitializePlatformSupportModulesInManaged (5ms)
				SetLoadedEditorAssemblies (0ms)
				RefreshPlugins (1ms)
				BeforeProcessingInitializeOnLoad (75ms)
				ProcessInitializeOnLoadAttributes (215ms)
				ProcessInitializeOnLoadMethodAttributes (18ms)
				AfterProcessingInitializeOnLoad (8ms)
				EditorAssembliesLoaded (0ms)
			ExecutionOrderSort2 (0ms)
			AwakeInstancesAfterBackupRestoration (5ms)
Platform modules already initialized, skipping
========================================================================
Worker process is ready to serve import requests
Launched and connected shader compiler UnityShaderCompiler.exe after 0.03 seconds
Refreshing native plugins compatible for Editor in 0.64 ms, found 3 plugins.
Preloading 0 native plugins for Editor in 0.00 ms.
Unloading 3292 Unused Serialized files (Serialized files now loaded: 0)
Unloading 24 unused Assets / (397.6 KB). Loaded Objects now: 3790.
Memory consumption went from 158.0 MB to 157.6 MB.
Total: 2.542100 ms (FindLiveObjects: 0.230800 ms CreateObjectMapping: 0.160900 ms MarkObjects: 1.939000 ms  DeleteObjects: 0.210800 ms)

AssetImportParameters requested are different than current active one (requested -> active):
  custom:video-decoder-ogg-theora: a1e56fd34408186e4bbccfd4996cb3dc -> 
  custom:container-muxer-webm: aa71ff27fc2769a1b78a27578f13a17b -> 
  custom:container-demuxer-webm: 4f35f7cbe854078d1ac9338744f61a02 -> 
  custom:video-encoder-webm-vp8: eb34c28f22e8b96e1ab97ce403110664 -> 
  custom:audio-encoder-webm-vorbis: bf7c407c2cedff20999df2af8eb42d56 -> 
  custom:framework-win-MediaFoundation: 216162199b28c13a410421893ffa2e32 -> 
  custom:container-demuxer-ogg: 62fdf1f143b41e24485cea50d1cbac27 -> 
  custom:video-decoder-webm-vp8: 9c59270c3fd7afecdb556c50c9e8de78 -> 
  custom:audio-decoder-ogg-vorbis: bf7c407c2cedff20999df2af8eb42d56 -> 
========================================================================
Received Import Request.
  Time since last request: 59216.615080 seconds.
  path: Assets/AssetImportes/TerrainDemoScene_HDRP/Prefabs/Trees/Cypress/Textures/Bark_Normal.tif
  artifactKey: Guid(aa7416f20ee1d4243bdc01b33710f4fd) Importer(815301076,1909f56bfc062723c751e8b465ee728b)
Start importing Assets/AssetImportes/TerrainDemoScene_HDRP/Prefabs/Trees/Cypress/Textures/Bark_Normal.tif using Guid(aa7416f20ee1d4243bdc01b33710f4fd) Importer(815301076,1909f56bfc062723c751e8b465ee728b)  -> (artifact id: 'c59894c63d3bbd5eb83e0b34fed99b6b') in 0.108072 seconds 
========================================================================
Received Import Request.
  Time since last request: 0.518915 seconds.
  path: Assets/AssetImportes/512x512/Bricks/Bricks_03-512x512.png
  artifactKey: Guid(57a2babc405baad4790bc80b4c9f97c7) Importer(815301076,1909f56bfc062723c751e8b465ee728b)
Start importing Assets/AssetImportes/512x512/Bricks/Bricks_03-512x512.png using Guid(57a2babc405baad4790bc80b4c9f97c7) Importer(815301076,1909f56bfc062723c751e8b465ee728b)  -> (artifact id: '32e1d5cbbe7320108b603bb4af8e1a27') in 0.025564 seconds 
========================================================================
Received Import Request.
  Time since last request: 0.386275 seconds.
  path: Assets/AssetImportes/512x512/Bricks/Bricks_10-512x512.png
  artifactKey: Guid(9c56759db34c1154ea2164a3438d1996) Importer(815301076,1909f56bfc062723c751e8b465ee728b)
Start importing Assets/AssetImportes/512x512/Bricks/Bricks_10-512x512.png using Guid(9c56759db34c1154ea2164a3438d1996) Importer(815301076,1909f56bfc062723c751e8b465ee728b)  -> (artifact id: '63c10dcc115b31ad3ba181016cf749fe') in 0.021837 seconds 
========================================================================
Received Import Request.
  Time since last request: 0.605247 seconds.
  path: Assets/AssetImportes/512x512/Bricks/Bricks_23-512x512.png
  artifactKey: Guid(5a09c299dde648f45910f02907381cf5) Importer(815301076,1909f56bfc062723c751e8b465ee728b)
Start importing Assets/AssetImportes/512x512/Bricks/Bricks_23-512x512.png using Guid(5a09c299dde648f45910f02907381cf5) Importer(815301076,1909f56bfc062723c751e8b465ee728b)  -> (artifact id: 'de61c5bc34185649a85ebb2c5780303f') in 0.023586 seconds 
========================================================================
Received Import Request.
  Time since last request: 0.466777 seconds.
  path: Assets/AssetImportes/Standard Assets/Environment/SpeedTree/Broadleaf/Broadleaf_Mobile_Atlas.tga
  artifactKey: Guid(2c116325e19b8a04d916864cc540ec2d) Importer(815301076,1909f56bfc062723c751e8b465ee728b)
Start importing Assets/AssetImportes/Standard Assets/Environment/SpeedTree/Broadleaf/Broadleaf_Mobile_Atlas.tga using Guid(2c116325e19b8a04d916864cc540ec2d) Importer(815301076,1909f56bfc062723c751e8b465ee728b)  -> (artifact id: 'd11c6736b3670818e93b2a96a1791e81') in 0.036124 seconds 
========================================================================
Received Import Request.
  Time since last request: 0.063047 seconds.
  path: Assets/AssetImportes/Standard Assets/Environment/SpeedTree/Broadleaf/Broadleaf_Mobile_Atlas_Specular.tga
  artifactKey: Guid(45cab4c9b31009748999eec1556926b3) Importer(815301076,1909f56bfc062723c751e8b465ee728b)
Start importing Assets/AssetImportes/Standard Assets/Environment/SpeedTree/Broadleaf/Broadleaf_Mobile_Atlas_Specular.tga using Guid(45cab4c9b31009748999eec1556926b3) Importer(815301076,1909f56bfc062723c751e8b465ee728b)  -> (artifact id: 'fb8f7763faf32bcd923387f66f83af9c') in 0.026451 seconds 
========================================================================
Received Import Request.
  Time since last request: 1.528441 seconds.
  path: Assets/AssetImportes/TerrainDemoScene_HDRP/Prefabs/Details/Textures/Bush_Twig_MaskMap.tif
  artifactKey: Guid(99c8d7f7d5b72054688fa02133cee2db) Importer(815301076,1909f56bfc062723c751e8b465ee728b)
Start importing Assets/AssetImportes/TerrainDemoScene_HDRP/Prefabs/Details/Textures/Bush_Twig_MaskMap.tif using Guid(99c8d7f7d5b72054688fa02133cee2db) Importer(815301076,1909f56bfc062723c751e8b465ee728b)  -> (artifact id: 'ce753745b3c88cc29d01c2e6874aa2d5') in 0.017506 seconds 
========================================================================
Received Import Request.
  Time since last request: 0.047227 seconds.
  path: Assets/AssetImportes/Standard Assets/CrossPlatformInput/Sprites/ButtonArrowOverSprite.png
  artifactKey: Guid(49b611e658efbf443b686a4036f74fe3) Importer(815301076,1909f56bfc062723c751e8b465ee728b)
Start importing Assets/AssetImportes/Standard Assets/CrossPlatformInput/Sprites/ButtonArrowOverSprite.png using Guid(49b611e658efbf443b686a4036f74fe3) Importer(815301076,1909f56bfc062723c751e8b465ee728b)  -> (artifact id: 'be0fd37fc3b00d0c99d1ee11d6c319d8') in 0.043325 seconds 
========================================================================
Received Import Request.
  Time since last request: 0.003702 seconds.
  path: Assets/AssetImportes/Standard Assets/CrossPlatformInput/Sprites/ButtonBrakeUpSprite.png
  artifactKey: Guid(827c9cd4a3943534f909ac6473e17288) Importer(815301076,1909f56bfc062723c751e8b465ee728b)
Start importing Assets/AssetImportes/Standard Assets/CrossPlatformInput/Sprites/ButtonBrakeUpSprite.png using Guid(827c9cd4a3943534f909ac6473e17288) Importer(815301076,1909f56bfc062723c751e8b465ee728b)  -> (artifact id: '2170194f53354f58d6ba2319bb506869') in 0.022422 seconds 
========================================================================
Received Import Request.
  Time since last request: 0.266724 seconds.
  path: Assets/AssetImportes/Standard Assets/CrossPlatformInput/Sprites/ButtonTimescaleFullUpSprite.png
  artifactKey: Guid(0c6271a290ef75b4c97d58746c86c5b8) Importer(815301076,1909f56bfc062723c751e8b465ee728b)
Start importing Assets/AssetImportes/Standard Assets/CrossPlatformInput/Sprites/ButtonTimescaleFullUpSprite.png using Guid(0c6271a290ef75b4c97d58746c86c5b8) Importer(815301076,1909f56bfc062723c751e8b465ee728b)  -> (artifact id: 'fb433835eb69ec61961492c8f92fcfb1') in 0.026242 seconds 
========================================================================
Received Import Request.
  Time since last request: 0.000019 seconds.
  path: Assets/AssetImportes/polyperfect/Poly Halloween/- Textures/VFX/candle-fire.png
  artifactKey: Guid(b77cdcc68e278304dbc672743b6f75f6) Importer(815301076,1909f56bfc062723c751e8b465ee728b)
Start importing Assets/AssetImportes/polyperfect/Poly Halloween/- Textures/VFX/candle-fire.png using Guid(b77cdcc68e278304dbc672743b6f75f6) Importer(815301076,1909f56bfc062723c751e8b465ee728b)  -> (artifact id: '50f7acb8c3dfdc3f369869082813d83c') in 0.022950 seconds 
========================================================================
Received Import Request.
  Time since last request: 0.000020 seconds.
  path: Assets/AssetImportes/Standard Assets/Environment/SpeedTree/Broadleaf/Cap_01.tga
  artifactKey: Guid(c688b8230f338954e977969bd4457584) Importer(815301076,1909f56bfc062723c751e8b465ee728b)
Start importing Assets/AssetImportes/Standard Assets/Environment/SpeedTree/Broadleaf/Cap_01.tga using Guid(c688b8230f338954e977969bd4457584) Importer(815301076,1909f56bfc062723c751e8b465ee728b)  -> (artifact id: '736aab245f7d858940ca85dc3a2d3c41') in 0.021707 seconds 
========================================================================
Received Import Request.
  Time since last request: 0.000020 seconds.
  path: Assets/AssetImportes/TerrainDemoScene_HDRP/Terrain/Brushes/Heightmaps/canyon05.tif
  artifactKey: Guid(3771b24b1afb4bd4d86e3ba795b65a32) Importer(815301076,1909f56bfc062723c751e8b465ee728b)
Start importing Assets/AssetImportes/TerrainDemoScene_HDRP/Terrain/Brushes/Heightmaps/canyon05.tif using Guid(3771b24b1afb4bd4d86e3ba795b65a32) Importer(815301076,1909f56bfc062723c751e8b465ee728b)  -> (artifact id: '26632a73fe704163930626918c743da1') in 0.025629 seconds 
========================================================================
Received Import Request.
  Time since last request: 0.148028 seconds.
  path: Assets/AssetImportes/Standard Assets/Environment/SpeedTree/Broadleaf/Cap_02_Normal.tga
  artifactKey: Guid(371fa5d370f67534696194100d17bfad) Importer(815301076,1909f56bfc062723c751e8b465ee728b)
Start importing Assets/AssetImportes/Standard Assets/Environment/SpeedTree/Broadleaf/Cap_02_Normal.tga using Guid(371fa5d370f67534696194100d17bfad) Importer(815301076,1909f56bfc062723c751e8b465ee728b)  -> (artifact id: '984f9fd6f9c2a4fb444bef2c7e03ffbb') in 0.024007 seconds 
========================================================================
Received Import Request.
  Time since last request: 0.034940 seconds.
  path: Assets/AssetImportes/TerrainDemoScene_HDRP/Prefabs/Rocks/Textures/Cliff_Mossy_A/Cliff_Mossy_A_MaskMap.tif
  artifactKey: Guid(722382cc28601344ca7b7946f7a272df) Importer(815301076,1909f56bfc062723c751e8b465ee728b)
Start importing Assets/AssetImportes/TerrainDemoScene_HDRP/Prefabs/Rocks/Textures/Cliff_Mossy_A/Cliff_Mossy_A_MaskMap.tif using Guid(722382cc28601344ca7b7946f7a272df) Importer(815301076,1909f56bfc062723c751e8b465ee728b)  -> (artifact id: '020565164e51698e884056e155bcead5') in 0.030857 seconds 
========================================================================
Received Import Request.
  Time since last request: 0.000051 seconds.
  path: Assets/AssetImportes/TerrainDemoScene_HDRP/Prefabs/Rocks/Textures/Cliff_Mossy_B/Cliff_Mossy_B_Normal.tif
  artifactKey: Guid(998afff0a8c6b4f438a62873b64368dd) Importer(815301076,1909f56bfc062723c751e8b465ee728b)
Start importing Assets/AssetImportes/TerrainDemoScene_HDRP/Prefabs/Rocks/Textures/Cliff_Mossy_B/Cliff_Mossy_B_Normal.tif using Guid(998afff0a8c6b4f438a62873b64368dd) Importer(815301076,1909f56bfc062723c751e8b465ee728b)  -> (artifact id: 'd44046abbd2a22d20a9ad09993fb5ab1') in 0.026949 seconds 
========================================================================
Received Import Request.
  Time since last request: 2.458991 seconds.
  path: Assets/AssetImportes/TerrainDemoScene_HDRP/Prefabs/Details/Textures/Heathe_BaseColor.tif
  artifactKey: Guid(deb3a5099f3fc81408def7e176a5f5de) Importer(815301076,1909f56bfc062723c751e8b465ee728b)
Start importing Assets/AssetImportes/TerrainDemoScene_HDRP/Prefabs/Details/Textures/Heathe_BaseColor.tif using Guid(deb3a5099f3fc81408def7e176a5f5de) Importer(815301076,1909f56bfc062723c751e8b465ee728b)  -> (artifact id: '7d1bee12fe040992e150ba87e99c4c59') in 0.049504 seconds 
========================================================================
Received Import Request.
  Time since last request: 0.000012 seconds.
  path: Assets/AssetImportes/TerrainDemoScene_HDRP/Prefabs/Details/Textures/Heather_Normal.tif
  artifactKey: Guid(b5680c218e8592f489953c2723e3aac4) Importer(815301076,1909f56bfc062723c751e8b465ee728b)
Start importing Assets/AssetImportes/TerrainDemoScene_HDRP/Prefabs/Details/Textures/Heather_Normal.tif using Guid(b5680c218e8592f489953c2723e3aac4) Importer(815301076,1909f56bfc062723c751e8b465ee728b)  -> (artifact id: '75c6c3644ccf75d6d8e81ad588713df0') in 0.023528 seconds 
========================================================================
Received Import Request.
  Time since last request: 0.000017 seconds.
  path: Assets/AssetImportes/TerrainDemoScene_HDRP/TextMeshPro/Fonts/InterRegular.asset
  artifactKey: Guid(0dbb88c50070c3f4f885744db5291cc0) Importer(815301076,1909f56bfc062723c751e8b465ee728b)
Start importing Assets/AssetImportes/TerrainDemoScene_HDRP/TextMeshPro/Fonts/InterRegular.asset using Guid(0dbb88c50070c3f4f885744db5291cc0) Importer(815301076,1909f56bfc062723c751e8b465ee728b)  -> (artifact id: '86a584d2b074cf11d7aa8d744bc4b5a0') in 0.084707 seconds 
========================================================================
Received Import Request.
  Time since last request: 0.909351 seconds.
  path: Assets/Stylized Lava Materials/Lava03/T_Lava03_metallic.png
  artifactKey: Guid(b45c16963ac761d4cac39a870f8efe1d) Importer(815301076,1909f56bfc062723c751e8b465ee728b)
Start importing Assets/Stylized Lava Materials/Lava03/T_Lava03_metallic.png using Guid(b45c16963ac761d4cac39a870f8efe1d) Importer(815301076,1909f56bfc062723c751e8b465ee728b)  -> (artifact id: '8fa4fc86faf34474dbc27860b64b00db') in 0.017106 seconds 
========================================================================
Received Import Request.
  Time since last request: 0.000013 seconds.
  path: Assets/Stylized Lava Materials/Lava04/T_Lava04_normal.png
  artifactKey: Guid(4b17f1284a150504d9421155d6de7e7e) Importer(815301076,1909f56bfc062723c751e8b465ee728b)
Start importing Assets/Stylized Lava Materials/Lava04/T_Lava04_normal.png using Guid(4b17f1284a150504d9421155d6de7e7e) Importer(815301076,1909f56bfc062723c751e8b465ee728b)  -> (artifact id: 'a98150af5d3dd41e30d6752d6b9fb39d') in 0.015385 seconds 
Editor requested this worker to shutdown with reason: Scaling down because of idle timeout
AssetImportWorker is now disconnected from the server
Process exiting
Exiting without the bug reporter. Application will terminate with return code 0